KILL, vsex05/vsex05.in, Mon Mar 21 14:43:22 CST 2022, Mon Mar 21 16:23:32 CST 2022
KILL, vsex06/vsex06.in, Mon Mar 21 16:25:04 CST 2022, Mon Mar 21 18:05:14 CST 2022
KILL, vsex02/vsex02.in, Mon Mar 21 18:05:17 CST 2022, Mon Mar 21 19:45:30 CST 2022
KILL, vsex07/vsex07.in, Mon Mar 21 19:50:19 CST 2022, Mon Mar 21 21:30:31 CST 2022
Sun Mar 27 17:20:18 CST 2022
Sun Mar 27 17:27:57 CST 2022
DONE, vsex05/vsex05.in, Sun Mar 27 17:27:57 CST 2022, Sun Mar 27 17:28:47 CST 2022
Sun Mar 27 17:30:08 CST 2022
DONE, vsex05/vsex05.in, Sun Mar 27 17:30:08 CST 2022, Sun Mar 27 17:30:48 CST 2022
DONE, vsex06/vsex06.in, Sun Mar 27 17:30:51 CST 2022, Sun Mar 27 17:31:20 CST 2022
DONE, vsex02/vsex02.in, Sun Mar 27 17:31:23 CST 2022, Sun Mar 27 17:32:10 CST 2022
DONE, vsex07/vsex07.in, Sun Mar 27 17:32:13 CST 2022, Sun Mar 27 17:32:47 CST 2022
END of 4 decks
Sun Mar 27 18:48:07 CST 2022
DONE, vsex05/vsex05.in, Sun Mar 27 18:48:07 CST 2022, Sun Mar 27 18:50:14 CST 2022
DONE, vsex06/vsex06.in, Sun Mar 27 18:50:17 CST 2022, Sun Mar 27 18:51:04 CST 2022
DONE, vsex02/vsex02.in, Sun Mar 27 18:51:07 CST 2022, Sun Mar 27 18:52:02 CST 2022
DONE, vsex07/vsex07.in, Sun Mar 27 18:52:05 CST 2022, Sun Mar 27 18:53:31 CST 2022
END of 4 decks
Sun Mar 27 20:02:42 CST 2022
DONE, vsex05/vsex05.in, Sun Mar 27 20:02:42 CST 2022, Sun Mar 27 20:07:20 CST 2022
KILL, vsex06/vsex06.in, Sun Mar 27 20:07:23 CST 2022, Sun Mar 27 21:09:12 CST 2022
Sun Mar 27 21:31:43 CST 2022
KILL, vsex05/vsex05.in, Sun Mar 27 21:31:43 CST 2022, Sun Mar 27 22:33:44 CST 2022
Mon Mar 28 04:52:32 CST 2022
Mon Mar 28 04:56:08 CST 2022
Mon Mar 28 04:57:39 CST 2022
Mon Mar 28 05:06:04 CST 2022
KILL, vsex05/vsex05.in, Mon Mar 28 05:06:04 CST 2022, Mon Mar 28 06:07:56 CST 2022
KILL, vsex06/vsex06.in, Mon Mar 28 06:07:59 CST 2022, Mon Mar 28 07:09:49 CST 2022
KILL, vsex02/vsex02.in, Mon Mar 28 07:09:52 CST 2022, Mon Mar 28 08:11:45 CST 2022
KILL, vsex07/vsex07.in, Mon Mar 28 08:11:48 CST 2022, Mon Mar 28 09:13:39 CST 2022
END of 4 decks
Mon Mar 28 13:06:54 CST 2022
Mon Mar 28 16:16:08 CST 2022
DONE, bjtex11/bjtex11.in, Mon Mar 28 16:16:08 CST 2022, Mon Mar 28 16:17:22 CST 2022
Mon Mar 28 16:17:24 CST 2022
Mon Mar 28 16:18:37 CST 2022
DONE, bjtex11/bjtex11.in, Mon Mar 28 16:18:37 CST 2022, Mon Mar 28 16:21:57 CST 2022
DONE, bjtex10/bjtex10.in, Mon Mar 28 16:22:00 CST 2022, Mon Mar 28 16:26:42 CST 2022
DONE, bjtex09/bjtex09.in, Mon Mar 28 16:26:45 CST 2022, Mon Mar 28 16:33:10 CST 2022
DONE, bjtex08/bjtex08.in, Mon Mar 28 16:33:13 CST 2022, Mon Mar 28 16:43:23 CST 2022
DONE, bjtex07/bjtex07.in, Mon Mar 28 16:43:26 CST 2022, Mon Mar 28 16:45:50 CST 2022
DONE, bjtex06/bjtex06.in, Mon Mar 28 16:45:53 CST 2022, Mon Mar 28 16:50:01 CST 2022
DONE, bjtex05/bjtex05.in, Mon Mar 28 16:50:04 CST 2022, Mon Mar 28 16:55:17 CST 2022
DONE, bjtex04/bjtex04.in, Mon Mar 28 16:55:20 CST 2022, Mon Mar 28 17:10:47 CST 2022
DONE, bjtex03/bjtex03.in, Mon Mar 28 17:10:50 CST 2022, Mon Mar 28 17:13:56 CST 2022
DONE, bjtex02/bjtex02.in, Mon Mar 28 17:13:59 CST 2022, Mon Mar 28 17:16:44 CST 2022
DONE, bjtex01/bjtex01.in, Mon Mar 28 17:16:47 CST 2022, Mon Mar 28 17:19:56 CST 2022
END of 11 decks
Mon Mar 28 20:25:02 CST 2022
DONE, bjtex11/bjtex11.in, Mon Mar 28 20:25:02 CST 2022, Mon Mar 28 20:28:57 CST 2022
DONE, bjtex10/bjtex10.in, Mon Mar 28 20:29:00 CST 2022, Mon Mar 28 20:33:30 CST 2022
DONE, bjtex09/bjtex09.in, Mon Mar 28 20:33:33 CST 2022, Mon Mar 28 20:40:07 CST 2022
DONE, bjtex08/bjtex08.in, Mon Mar 28 20:40:10 CST 2022, Mon Mar 28 20:49:59 CST 2022
DONE, bjtex07/bjtex07.in, Mon Mar 28 20:50:02 CST 2022, Mon Mar 28 20:52:26 CST 2022
DONE, bjtex06/bjtex06.in, Mon Mar 28 20:52:29 CST 2022, Mon Mar 28 20:56:31 CST 2022
DONE, bjtex05/bjtex05.in, Mon Mar 28 20:56:34 CST 2022, Mon Mar 28 21:02:06 CST 2022
DONE, bjtex04/bjtex04.in, Mon Mar 28 21:02:09 CST 2022, Mon Mar 28 21:17:08 CST 2022
DONE, bjtex03/bjtex03.in, Mon Mar 28 21:17:11 CST 2022, Mon Mar 28 21:20:22 CST 2022
DONE, bjtex02/bjtex02.in, Mon Mar 28 21:20:25 CST 2022, Mon Mar 28 21:22:44 CST 2022
DONE, bjtex01/bjtex01.in, Mon Mar 28 21:22:47 CST 2022, Mon Mar 28 21:25:46 CST 2022
END of 11 decks
