DONE, organicex08/organicex08.in, Tue Mar 15 06:45:47 CST 2022, Tue Mar 15 06:47:06 CST 2022
DONE, organicex02/organicex02.in, Tue Mar 15 06:47:09 CST 2022, Tue Mar 15 06:47:47 CST 2022
DONE, organicex10/organicex10.in, Tue Mar 15 06:47:50 CST 2022, Tue Mar 15 07:23:09 CST 2022
DONE, organicex03/organicex03.in, Tue Mar 15 07:23:13 CST 2022, Tue Mar 15 07:28:37 CST 2022
DONE, organicex07/organicex07.in, Tue Mar 15 07:28:40 CST 2022, Tue Mar 15 07:35:26 CST 2022
DONE, organicex11/organicex11.in, Tue Mar 15 07:35:29 CST 2022, Tue Mar 15 07:35:58 CST 2022
DONE, organicex04/organicex04.in, Tue Mar 15 07:36:01 CST 2022, Tue Mar 15 07:36:55 CST 2022
DONE, organicex09/organicex09.in, Tue Mar 15 07:36:58 CST 2022, Tue Mar 15 07:39:15 CST 2022
DONE, organicex06/organicex06.in, Tue Mar 15 07:39:18 CST 2022, Tue Mar 15 07:47:03 CST 2022
DONE, organicex05/organicex05.in, Tue Mar 15 07:47:06 CST 2022, Tue Mar 15 07:47:40 CST 2022
DONE, organicex01/organicex01.in, Tue Mar 15 07:47:43 CST 2022, Tue Mar 15 07:48:18 CST 2022
DONE, esdex04/esdex04.in, Tue Mar 15 07:48:21 CST 2022, Tue Mar 15 07:50:38 CST 2022
DONE, esdex01/esdex01.in, Tue Mar 15 07:50:41 CST 2022, Tue Mar 15 07:52:21 CST 2022
DONE, esdex02/esdex02.in, Tue Mar 15 07:52:24 CST 2022, Tue Mar 15 07:54:16 CST 2022
DONE, esdex03/esdex03.in, Tue Mar 15 07:54:19 CST 2022, Tue Mar 15 07:55:49 CST 2022
DONE, esdex05/esdex05.in, Tue Mar 15 07:55:52 CST 2022, Tue Mar 15 07:56:27 CST 2022
DONE, mcdeviceex03/mcdeviceex03.in, Tue Mar 15 07:56:30 CST 2022, Tue Mar 15 07:57:48 CST 2022
DONE, mcdeviceex02/mcdeviceex02.in, Tue Mar 15 07:57:51 CST 2022, Tue Mar 15 07:58:26 CST 2022
DONE, mcdeviceex05/mcdeviceex05.in, Tue Mar 15 07:58:29 CST 2022, Tue Mar 15 07:58:57 CST 2022
DONE, mcdeviceex04/mcdeviceex04.in, Tue Mar 15 07:59:00 CST 2022, Tue Mar 15 07:59:35 CST 2022
DONE, mcdeviceex01/mcdeviceex01.in, Tue Mar 15 07:59:38 CST 2022, Tue Mar 15 08:00:01 CST 2022
DONE, radex11/radex11.in, Tue Mar 15 08:00:04 CST 2022, Tue Mar 15 08:17:00 CST 2022
KILL, radex14/radex14.in, Tue Mar 15 08:17:03 CST 2022, Tue Mar 15 09:57:24 CST 2022
DONE, radex01/radex01.in, Tue Mar 15 09:57:27 CST 2022, Tue Mar 15 09:59:42 CST 2022
DONE, radex05/radex05.in, Tue Mar 15 09:59:45 CST 2022, Tue Mar 15 10:00:02 CST 2022
KILL, radex12/radex12.in, Tue Mar 15 10:00:05 CST 2022, Tue Mar 15 11:40:22 CST 2022
KILL, radex10/radex10.in, Tue Mar 15 11:40:25 CST 2022, Tue Mar 15 13:20:38 CST 2022
DONE, radex02/radex02.in, Tue Mar 15 13:20:41 CST 2022, Tue Mar 15 13:23:31 CST 2022
KILL, radex17/radex17.in, Tue Mar 15 13:23:34 CST 2022, Tue Mar 15 15:03:49 CST 2022
DONE, radex04/radex04.in, Tue Mar 15 15:03:52 CST 2022, Tue Mar 15 15:04:08 CST 2022
DONE, radex18/radex18.in, Tue Mar 15 15:04:11 CST 2022, Tue Mar 15 15:14:22 CST 2022
DONE, radex03/radex03.in, Tue Mar 15 15:14:25 CST 2022, Tue Mar 15 15:23:14 CST 2022
KILL, radex09/radex09.in, Tue Mar 15 15:23:17 CST 2022, Tue Mar 15 17:03:30 CST 2022
KILL, radex08/radex08.in, Tue Mar 15 17:03:33 CST 2022, Tue Mar 15 18:43:44 CST 2022
DONE, radex06/radex06.in, Tue Mar 15 18:43:47 CST 2022, Tue Mar 15 18:50:31 CST 2022
DONE, radex13/radex13.in, Tue Mar 15 18:50:34 CST 2022, Tue Mar 15 19:28:41 CST 2022
DONE, radex07/radex07.in, Tue Mar 15 19:28:44 CST 2022, Tue Mar 15 20:30:39 CST 2022
KILL, radex15/radex15.in, Tue Mar 15 20:30:42 CST 2022, Tue Mar 15 22:11:04 CST 2022
DONE, radex16/radex16.in, Tue Mar 15 22:11:07 CST 2022, Tue Mar 15 22:11:25 CST 2022
DONE, vcselex04/vcselex04.in, Tue Mar 15 22:11:28 CST 2022, Tue Mar 15 22:36:39 CST 2022
DONE, vcselex01/vcselex01.in, Tue Mar 15 22:36:42 CST 2022, Tue Mar 15 22:51:28 CST 2022
DONE, vcselex02/vcselex02.in, Tue Mar 15 22:51:31 CST 2022, Tue Mar 15 23:11:00 CST 2022
DONE, vcselex03/vcselex03.in, Tue Mar 15 23:11:03 CST 2022, Tue Mar 15 23:30:41 CST 2022
DONE, hemtex06/hemtex06.in, Tue Mar 15 23:30:44 CST 2022, Tue Mar 15 23:31:16 CST 2022
DONE, hemtex05/hemtex05.in, Tue Mar 15 23:31:19 CST 2022, Tue Mar 15 23:32:03 CST 2022
DONE, hemtex02/hemtex02.in, Tue Mar 15 23:32:06 CST 2022, Tue Mar 15 23:32:39 CST 2022
DONE, hemtex04/hemtex04.in, Tue Mar 15 23:32:42 CST 2022, Tue Mar 15 23:33:17 CST 2022
DONE, hemtex03/hemtex03.in, Tue Mar 15 23:33:20 CST 2022, Tue Mar 15 23:33:49 CST 2022
DONE, hemtex01/hemtex01.in, Tue Mar 15 23:33:52 CST 2022, Tue Mar 15 23:34:18 CST 2022
DONE, bjtex05/bjtex05.in, Tue Mar 15 23:34:21 CST 2022, Tue Mar 15 23:34:51 CST 2022
DONE, bjtex01/bjtex01.in, Tue Mar 15 23:34:54 CST 2022, Tue Mar 15 23:35:21 CST 2022
DONE, bjtex06/bjtex06.in, Tue Mar 15 23:35:24 CST 2022, Tue Mar 15 23:35:47 CST 2022
DONE, bjtex08/bjtex08.in, Tue Mar 15 23:35:50 CST 2022, Tue Mar 15 23:36:40 CST 2022
DONE, bjtex02/bjtex02.in, Tue Mar 15 23:36:43 CST 2022, Tue Mar 15 23:37:13 CST 2022
DONE, bjtex10/bjtex10.in, Tue Mar 15 23:37:16 CST 2022, Tue Mar 15 23:37:51 CST 2022
DONE, bjtex07/bjtex07.in, Tue Mar 15 23:37:54 CST 2022, Tue Mar 15 23:38:31 CST 2022
DONE, bjtex03/bjtex03.in, Tue Mar 15 23:38:34 CST 2022, Tue Mar 15 23:39:06 CST 2022
DONE, bjtex09/bjtex09.in, Tue Mar 15 23:39:09 CST 2022, Tue Mar 15 23:40:05 CST 2022
DONE, bjtex11/bjtex11.in, Tue Mar 15 23:40:08 CST 2022, Tue Mar 15 23:40:35 CST 2022
DONE, bjtex04/bjtex04.in, Tue Mar 15 23:40:38 CST 2022, Tue Mar 15 23:41:17 CST 2022
DONE, tftex14/tftex14.in, Tue Mar 15 23:41:20 CST 2022, Tue Mar 15 23:45:24 CST 2022
DONE, tftex18/tftex18.in, Tue Mar 15 23:45:27 CST 2022, Tue Mar 15 23:54:02 CST 2022
DONE, tftex02/tftex02.in, Tue Mar 15 23:54:05 CST 2022, Tue Mar 15 23:54:30 CST 2022
DONE, tftex13/tftex13.in, Tue Mar 15 23:54:33 CST 2022, Wed Mar 16 00:13:09 CST 2022
DONE, tftex22/tftex22.in, Wed Mar 16 00:13:12 CST 2022, Wed Mar 16 00:14:55 CST 2022
DONE, tftex21/tftex21.in, Wed Mar 16 00:14:58 CST 2022, Wed Mar 16 00:19:30 CST 2022
DONE, tftex08/tftex08.in, Wed Mar 16 00:19:33 CST 2022, Wed Mar 16 00:19:57 CST 2022
KILL, tftex11/tftex11.in, Wed Mar 16 00:20:00 CST 2022, Wed Mar 16 02:00:15 CST 2022
DONE, tftex16/tftex16.in, Wed Mar 16 02:00:18 CST 2022, Wed Mar 16 02:07:23 CST 2022
DONE, tftex09/tftex09.in, Wed Mar 16 02:07:26 CST 2022, Wed Mar 16 02:08:10 CST 2022
DONE, tftex17/tftex17.in, Wed Mar 16 02:08:13 CST 2022, Wed Mar 16 02:20:23 CST 2022
DONE, tftex07/tftex07.in, Wed Mar 16 02:20:26 CST 2022, Wed Mar 16 02:21:05 CST 2022
DONE, tftex06/tftex06.in, Wed Mar 16 02:21:08 CST 2022, Wed Mar 16 02:21:57 CST 2022
DONE, tftex10/tftex10.in, Wed Mar 16 02:22:00 CST 2022, Wed Mar 16 02:27:41 CST 2022
DONE, tftex01/tftex01.in, Wed Mar 16 02:27:44 CST 2022, Wed Mar 16 02:28:08 CST 2022
KILL, tftex19/tftex19.in, Wed Mar 16 02:28:11 CST 2022, Wed Mar 16 04:08:24 CST 2022
DONE, tftex15/tftex15.in, Wed Mar 16 04:08:27 CST 2022, Wed Mar 16 04:21:09 CST 2022
DONE, tftex20/tftex20.in, Wed Mar 16 04:21:12 CST 2022, Wed Mar 16 04:27:58 CST 2022
DONE, tftex05/tftex05.in, Wed Mar 16 04:28:01 CST 2022, Wed Mar 16 04:28:36 CST 2022
DONE, tftex03/tftex03.in, Wed Mar 16 04:28:39 CST 2022, Wed Mar 16 04:29:03 CST 2022
DONE, tftex12/tftex12.in, Wed Mar 16 04:29:06 CST 2022, Wed Mar 16 04:30:01 CST 2022
DONE, tftex04/tftex04.in, Wed Mar 16 04:30:04 CST 2022, Wed Mar 16 04:30:27 CST 2022
DONE, ganfetex16/ganfetex16.in, Wed Mar 16 04:30:30 CST 2022, Wed Mar 16 05:25:30 CST 2022
DONE, ganfetex03/ganfetex03.in, Wed Mar 16 05:25:33 CST 2022, Wed Mar 16 05:27:28 CST 2022
DONE, ganfetex20/ganfetex20.in, Wed Mar 16 05:27:31 CST 2022, Wed Mar 16 05:31:00 CST 2022
KILL, ganfetex18/ganfetex18.in, Wed Mar 16 05:31:03 CST 2022, Wed Mar 16 07:11:16 CST 2022
DONE, ganfetex12/ganfetex12.in, Wed Mar 16 07:11:19 CST 2022, Wed Mar 16 07:25:46 CST 2022
DONE, ganfetex01/ganfetex01.in, Wed Mar 16 07:25:49 CST 2022, Wed Mar 16 07:26:41 CST 2022
DONE, ganfetex02/ganfetex02.in, Wed Mar 16 07:26:44 CST 2022, Wed Mar 16 07:34:51 CST 2022
DONE, ganfetex10/ganfetex10.in, Wed Mar 16 07:34:54 CST 2022, Wed Mar 16 07:38:19 CST 2022
DONE, ganfetex06/ganfetex06.in, Wed Mar 16 07:38:22 CST 2022, Wed Mar 16 09:16:54 CST 2022
KILL, ganfetex15/ganfetex15.in, Wed Mar 16 09:16:57 CST 2022, Wed Mar 16 10:57:13 CST 2022
DONE, ganfetex07/ganfetex07.in, Wed Mar 16 10:57:16 CST 2022, Wed Mar 16 11:13:44 CST 2022
DONE, ganfetex11/ganfetex11.in, Wed Mar 16 11:13:47 CST 2022, Wed Mar 16 11:29:49 CST 2022
DONE, ganfetex14/ganfetex14.in, Wed Mar 16 11:29:52 CST 2022, Wed Mar 16 11:37:25 CST 2022
DONE, ganfetex21/ganfetex21.in, Wed Mar 16 11:37:28 CST 2022, Wed Mar 16 12:45:28 CST 2022
DONE, ganfetex17/ganfetex17.in, Wed Mar 16 12:45:31 CST 2022, Wed Mar 16 13:02:59 CST 2022
DONE, ganfetex04/ganfetex04.in, Wed Mar 16 13:03:02 CST 2022, Wed Mar 16 13:03:56 CST 2022
DONE, ganfetex05/ganfetex05.in, Wed Mar 16 13:03:59 CST 2022, Wed Mar 16 13:35:27 CST 2022
DONE, ganfetex13/ganfetex13.in, Wed Mar 16 13:35:30 CST 2022, Wed Mar 16 13:35:54 CST 2022
KILL, ganfetex19/ganfetex19.in, Wed Mar 16 13:35:57 CST 2022, Wed Mar 16 15:16:09 CST 2022
DONE, ganfetex09/ganfetex09.in, Wed Mar 16 15:16:12 CST 2022, Wed Mar 16 15:17:54 CST 2022
DONE, ganfetex08/ganfetex08.in, Wed Mar 16 15:17:57 CST 2022, Wed Mar 16 15:54:10 CST 2022
DONE, questex18/questex18.in, Wed Mar 16 15:54:13 CST 2022, Wed Mar 16 15:54:33 CST 2022
DONE, questex10/questex10.in, Wed Mar 16 15:54:36 CST 2022, Wed Mar 16 15:54:54 CST 2022
DONE, questex17/questex17.in, Wed Mar 16 15:54:57 CST 2022, Wed Mar 16 15:55:16 CST 2022
DONE, questex12/questex12.in, Wed Mar 16 15:55:19 CST 2022, Wed Mar 16 15:55:37 CST 2022
DONE, questex15/questex15.in, Wed Mar 16 15:55:40 CST 2022, Wed Mar 16 15:55:59 CST 2022
DONE, questex07/questex07.in, Wed Mar 16 15:56:02 CST 2022, Wed Mar 16 15:56:20 CST 2022
DONE, questex05/questex05.in, Wed Mar 16 15:56:23 CST 2022, Wed Mar 16 15:56:42 CST 2022
DONE, questex11/questex11.in, Wed Mar 16 15:56:45 CST 2022, Wed Mar 16 15:57:03 CST 2022
DONE, questex09/questex09.in, Wed Mar 16 15:57:06 CST 2022, Wed Mar 16 15:57:25 CST 2022
DONE, questex19/questex19.in, Wed Mar 16 15:57:28 CST 2022, Wed Mar 16 15:57:46 CST 2022
DONE, questex16/questex16.in, Wed Mar 16 15:57:49 CST 2022, Wed Mar 16 15:58:08 CST 2022
DONE, questex02/questex02.in, Wed Mar 16 15:58:11 CST 2022, Wed Mar 16 15:58:30 CST 2022
DONE, questex13/questex13.in, Wed Mar 16 15:58:33 CST 2022, Wed Mar 16 15:58:51 CST 2022
DONE, questex08/questex08.in, Wed Mar 16 15:58:54 CST 2022, Wed Mar 16 15:59:13 CST 2022
DONE, questex04/questex04.in, Wed Mar 16 15:59:16 CST 2022, Wed Mar 16 15:59:34 CST 2022
DONE, questex14/questex14.in, Wed Mar 16 15:59:37 CST 2022, Wed Mar 16 15:59:56 CST 2022
DONE, questex03/questex03.in, Wed Mar 16 15:59:59 CST 2022, Wed Mar 16 16:00:17 CST 2022
DONE, questex06/questex06.in, Wed Mar 16 16:00:20 CST 2022, Wed Mar 16 16:00:39 CST 2022
DONE, questex01/questex01.in, Wed Mar 16 16:00:42 CST 2022, Wed Mar 16 16:01:00 CST 2022
DONE, doeex01/doeex01.in, Wed Mar 16 16:01:03 CST 2022, Wed Mar 16 16:19:23 CST 2022
DONE, doeex02/doeex02.in, Wed Mar 16 16:19:26 CST 2022, Wed Mar 16 16:26:18 CST 2022
DONE, magneticex02/magneticex02.in, Wed Mar 16 16:26:21 CST 2022, Wed Mar 16 16:26:47 CST 2022
DONE, magneticex03/magneticex03.in, Wed Mar 16 16:26:50 CST 2022, Wed Mar 16 16:40:09 CST 2022
DONE, magneticex04/magneticex04.in, Wed Mar 16 16:40:12 CST 2022, Wed Mar 16 16:40:38 CST 2022
DONE, magneticex01/magneticex01.in, Wed Mar 16 16:40:41 CST 2022, Wed Mar 16 16:41:05 CST 2022
DONE, mesfetex05/mesfetex05.in, Wed Mar 16 16:41:08 CST 2022, Wed Mar 16 16:41:47 CST 2022
DONE, mesfetex01/mesfetex01.in, Wed Mar 16 16:41:50 CST 2022, Wed Mar 16 16:42:26 CST 2022
DONE, mesfetex06/mesfetex06.in, Wed Mar 16 16:42:29 CST 2022, Wed Mar 16 16:43:07 CST 2022
DONE, mesfetex04/mesfetex04.in, Wed Mar 16 16:43:10 CST 2022, Wed Mar 16 16:43:49 CST 2022
DONE, mesfetex02/mesfetex02.in, Wed Mar 16 16:43:52 CST 2022, Wed Mar 16 16:44:22 CST 2022
DONE, mesfetex03/mesfetex03.in, Wed Mar 16 16:44:25 CST 2022, Wed Mar 16 16:44:58 CST 2022
DONE, mos1ex14/mos1ex14.in, Wed Mar 16 16:45:01 CST 2022, Wed Mar 16 16:45:32 CST 2022
DONE, mos1ex04/mos1ex04.in, Wed Mar 16 16:45:35 CST 2022, Wed Mar 16 16:46:04 CST 2022
DONE, mos1ex06/mos1ex06.in, Wed Mar 16 16:46:07 CST 2022, Wed Mar 16 16:46:47 CST 2022
DONE, mos1ex08/mos1ex08.in, Wed Mar 16 16:46:50 CST 2022, Wed Mar 16 16:47:14 CST 2022
DONE, mos1ex05/mos1ex05.in, Wed Mar 16 16:47:17 CST 2022, Wed Mar 16 16:47:53 CST 2022
DONE, mos1ex09/mos1ex09.in, Wed Mar 16 16:47:56 CST 2022, Wed Mar 16 16:48:24 CST 2022
DONE, mos1ex11/mos1ex11.in, Wed Mar 16 16:48:27 CST 2022, Wed Mar 16 16:48:55 CST 2022
DONE, mos1ex03/mos1ex03.in, Wed Mar 16 16:48:58 CST 2022, Wed Mar 16 16:49:26 CST 2022
DONE, mos1ex15/mos1ex15.in, Wed Mar 16 16:49:29 CST 2022, Wed Mar 16 16:49:58 CST 2022
DONE, mos1ex12/mos1ex12.in, Wed Mar 16 16:50:01 CST 2022, Wed Mar 16 16:50:30 CST 2022
DONE, mos1ex13/mos1ex13.in, Wed Mar 16 16:50:33 CST 2022, Wed Mar 16 16:51:16 CST 2022
DONE, mos1ex02/mos1ex02.in, Wed Mar 16 16:51:19 CST 2022, Wed Mar 16 16:51:53 CST 2022
DONE, mos1ex07/mos1ex07.in, Wed Mar 16 16:51:56 CST 2022, Wed Mar 16 16:52:31 CST 2022
DONE, mos1ex10/mos1ex10.in, Wed Mar 16 16:52:35 CST 2022, Wed Mar 16 16:53:01 CST 2022
DONE, mos1ex01/mos1ex01.in, Wed Mar 16 16:53:04 CST 2022, Wed Mar 16 16:53:35 CST 2022
DONE, highkex01/highkex01.in, Wed Mar 16 16:53:38 CST 2022, Wed Mar 16 16:54:03 CST 2022
DONE, highkex02/highkex02.in, Wed Mar 16 16:54:06 CST 2022, Wed Mar 16 16:54:24 CST 2022
DONE, vp2dex13/vp2dex13.in, Wed Mar 16 16:54:27 CST 2022, Wed Mar 16 16:55:47 CST 2022
DONE, vp2dex11/vp2dex11.in, Wed Mar 16 16:55:50 CST 2022, Wed Mar 16 16:56:09 CST 2022
DONE, vp2dex09/vp2dex09.in, Wed Mar 16 16:56:12 CST 2022, Wed Mar 16 16:56:32 CST 2022
KILL, vp2dex08/vp2dex08.in, Wed Mar 16 16:56:35 CST 2022, Wed Mar 16 18:36:50 CST 2022
DONE, vp2dex02/vp2dex02.in, Wed Mar 16 18:36:53 CST 2022, Wed Mar 16 18:37:15 CST 2022
DONE, vp2dex04/vp2dex04.in, Wed Mar 16 18:37:18 CST 2022, Wed Mar 16 18:38:13 CST 2022
DONE, vp2dex03/vp2dex03.in, Wed Mar 16 18:38:16 CST 2022, Wed Mar 16 18:39:12 CST 2022
DONE, vp2dex06/vp2dex06.in, Wed Mar 16 18:39:15 CST 2022, Wed Mar 16 19:45:36 CST 2022
DONE, vp2dex01/vp2dex01.in, Wed Mar 16 19:45:39 CST 2022, Wed Mar 16 19:46:05 CST 2022
DONE, vp2dex12/vp2dex12.in, Wed Mar 16 19:46:08 CST 2022, Wed Mar 16 19:46:27 CST 2022
DONE, vp2dex10/vp2dex10.in, Wed Mar 16 19:46:30 CST 2022, Wed Mar 16 20:52:50 CST 2022
DONE, vp2dex07/vp2dex07.in, Wed Mar 16 20:52:53 CST 2022, Wed Mar 16 21:59:13 CST 2022
DONE, vp2dex05/vp2dex05.in, Wed Mar 16 21:59:16 CST 2022, Wed Mar 16 22:02:01 CST 2022
DONE, eprmex04/eprmex04.in, Wed Mar 16 22:02:04 CST 2022, Wed Mar 16 22:03:41 CST 2022
DONE, eprmex02/eprmex02.in, Wed Mar 16 22:03:44 CST 2022, Wed Mar 16 22:10:39 CST 2022
DONE, eprmex01/eprmex01.in, Wed Mar 16 22:10:42 CST 2022, Wed Mar 16 22:12:39 CST 2022
DONE, eprmex05/eprmex05.in, Wed Mar 16 22:12:42 CST 2022, Wed Mar 16 22:13:53 CST 2022
DONE, eprmex03/eprmex03.in, Wed Mar 16 22:13:56 CST 2022, Wed Mar 16 22:14:31 CST 2022
DONE, vpex08/vpex08.in, Wed Mar 16 22:14:34 CST 2022, Wed Mar 16 22:53:16 CST 2022
DONE, vpex06/vpex06.in, Wed Mar 16 22:53:19 CST 2022, Wed Mar 16 22:55:49 CST 2022
DONE, vpex09/vpex09.in, Wed Mar 16 22:55:52 CST 2022, Wed Mar 16 22:59:00 CST 2022
DONE, vpex11/vpex11.in, Wed Mar 16 22:59:03 CST 2022, Wed Mar 16 23:00:47 CST 2022
DONE, vpex07/vpex07.in, Wed Mar 16 23:00:50 CST 2022, Wed Mar 16 23:32:37 CST 2022
DONE, vpex02/vpex02.in, Wed Mar 16 23:32:40 CST 2022, Wed Mar 16 23:54:23 CST 2022
DONE, vpex12/vpex12.in, Wed Mar 16 23:54:26 CST 2022, Thu Mar 17 01:00:46 CST 2022
DONE, vpex04/vpex04.in, Thu Mar 17 01:00:49 CST 2022, Thu Mar 17 01:01:27 CST 2022
DONE, vpex13/vpex13.in, Thu Mar 17 01:01:30 CST 2022, Thu Mar 17 01:01:52 CST 2022
DONE, vpex10/vpex10.in, Thu Mar 17 01:01:55 CST 2022, Thu Mar 17 01:03:11 CST 2022
KILL, vpex03/vpex03.in, Thu Mar 17 01:03:14 CST 2022, Thu Mar 17 02:43:28 CST 2022
DONE, vpex05/vpex05.in, Thu Mar 17 02:43:31 CST 2022, Thu Mar 17 02:50:29 CST 2022
DONE, powerex24/powerex24.in, Thu Mar 17 02:50:32 CST 2022, Thu Mar 17 03:56:56 CST 2022
DONE, powerex07/powerex07.in, Thu Mar 17 03:56:59 CST 2022, Thu Mar 17 03:57:56 CST 2022
DONE, powerex05/powerex05.in, Thu Mar 17 03:57:59 CST 2022, Thu Mar 17 03:58:41 CST 2022
DONE, powerex15/powerex15.in, Thu Mar 17 03:58:44 CST 2022, Thu Mar 17 04:06:12 CST 2022
DONE, powerex19/powerex19.in, Thu Mar 17 04:06:15 CST 2022, Thu Mar 17 04:29:24 CST 2022
KILL, powerex11/powerex11.in, Thu Mar 17 04:29:27 CST 2022, Thu Mar 17 06:09:42 CST 2022
DONE, powerex06/powerex06.in, Thu Mar 17 06:09:45 CST 2022, Thu Mar 17 06:13:26 CST 2022
KILL, powerex18/powerex18.in, Thu Mar 17 06:13:29 CST 2022, Thu Mar 17 07:53:51 CST 2022
DONE, powerex04/powerex04.in, Thu Mar 17 07:53:54 CST 2022, Thu Mar 17 07:54:20 CST 2022
DONE, powerex01/powerex01.in, Thu Mar 17 07:54:23 CST 2022, Thu Mar 17 07:55:13 CST 2022
DONE, powerex10/powerex10.in, Thu Mar 17 07:55:16 CST 2022, Thu Mar 17 07:55:58 CST 2022
KILL, powerex16/powerex16.in, Thu Mar 17 07:56:01 CST 2022, Thu Mar 17 09:36:14 CST 2022
KILL, powerex21/powerex21.in, Thu Mar 17 09:36:17 CST 2022, Thu Mar 17 11:16:29 CST 2022
DONE, powerex22/powerex22.in, Thu Mar 17 11:16:32 CST 2022, Thu Mar 17 11:23:20 CST 2022
DONE, powerex02/powerex02.in, Thu Mar 17 11:23:23 CST 2022, Thu Mar 17 11:23:52 CST 2022
DONE, powerex03/powerex03.in, Thu Mar 17 11:23:55 CST 2022, Thu Mar 17 11:24:33 CST 2022
DONE, powerex13/powerex13.in, Thu Mar 17 11:24:36 CST 2022, Thu Mar 17 11:25:35 CST 2022
DONE, powerex14/powerex14.in, Thu Mar 17 11:25:38 CST 2022, Thu Mar 17 11:26:41 CST 2022
DONE, powerex09/powerex09.in, Thu Mar 17 11:26:44 CST 2022, Thu Mar 17 11:27:29 CST 2022
DONE, powerex17/powerex17.in, Thu Mar 17 11:27:32 CST 2022, Thu Mar 17 11:29:26 CST 2022
DONE, powerex20/powerex20.in, Thu Mar 17 11:29:29 CST 2022, Thu Mar 17 12:52:12 CST 2022
DONE, powerex12/powerex12.in, Thu Mar 17 12:52:15 CST 2022, Thu Mar 17 12:54:37 CST 2022
KILL, powerex23/powerex23.in, Thu Mar 17 12:54:40 CST 2022, Thu Mar 17 14:35:07 CST 2022
DONE, powerex08/powerex08.in, Thu Mar 17 14:35:10 CST 2022, Thu Mar 17 14:35:42 CST 2022
DONE, sicex14/sicex14.in, Thu Mar 17 14:35:45 CST 2022, Thu Mar 17 14:37:35 CST 2022
DONE, sicex04/sicex04.in, Thu Mar 17 14:37:38 CST 2022, Thu Mar 17 14:42:14 CST 2022
DONE, sicex11/sicex11.in, Thu Mar 17 14:42:17 CST 2022, Thu Mar 17 15:26:41 CST 2022
DONE, sicex13/sicex13.in, Thu Mar 17 15:26:45 CST 2022, Thu Mar 17 15:27:55 CST 2022
DONE, sicex10/sicex10.in, Thu Mar 17 15:27:58 CST 2022, Thu Mar 17 15:32:06 CST 2022
DONE, sicex05/sicex05.in, Thu Mar 17 15:32:09 CST 2022, Thu Mar 17 15:33:19 CST 2022
KILL, sicex08/sicex08.in, Thu Mar 17 15:33:22 CST 2022, Thu Mar 17 17:13:41 CST 2022
KILL, sicex07/sicex07.in, Thu Mar 17 17:13:44 CST 2022, Thu Mar 17 18:54:07 CST 2022
KILL, sicex09/sicex09.in, Thu Mar 17 18:54:10 CST 2022, Thu Mar 17 20:34:22 CST 2022
DONE, sicex12/sicex12.in, Thu Mar 17 20:34:25 CST 2022, Thu Mar 17 20:47:32 CST 2022
DONE, sicex01/sicex01.in, Thu Mar 17 20:47:35 CST 2022, Thu Mar 17 20:49:41 CST 2022
DONE, sicex02/sicex02.in, Thu Mar 17 20:49:44 CST 2022, Thu Mar 17 20:50:31 CST 2022
DONE, sicex03/sicex03.in, Thu Mar 17 20:50:34 CST 2022, Thu Mar 17 20:51:20 CST 2022
DONE, sicex06/sicex06.in, Thu Mar 17 20:51:23 CST 2022, Thu Mar 17 20:52:10 CST 2022
DONE, latchex02/latchex02.in, Thu Mar 17 20:52:13 CST 2022, Thu Mar 17 20:53:16 CST 2022
DONE, latchex03/latchex03.in, Thu Mar 17 20:53:19 CST 2022, Thu Mar 17 20:54:15 CST 2022
DONE, latchex01/latchex01.in, Thu Mar 17 20:54:18 CST 2022, Thu Mar 17 20:55:02 CST 2022
DONE, latchex04/latchex04.in, Thu Mar 17 20:55:05 CST 2022, Thu Mar 17 21:00:14 CST 2022
DONE, ledex05/ledex05.in, Thu Mar 17 21:00:17 CST 2022, Thu Mar 17 21:01:29 CST 2022
DONE, ledex08/ledex08.in, Thu Mar 17 21:01:32 CST 2022, Thu Mar 17 21:37:46 CST 2022
DONE, ledex02/ledex02.in, Thu Mar 17 21:37:49 CST 2022, Thu Mar 17 21:38:35 CST 2022
DONE, ledex07/ledex07.in, Thu Mar 17 21:38:38 CST 2022, Thu Mar 17 22:14:42 CST 2022
DONE, ledex06/ledex06.in, Thu Mar 17 22:14:45 CST 2022, Thu Mar 17 22:38:39 CST 2022
DONE, ledex03/ledex03.in, Thu Mar 17 22:38:42 CST 2022, Thu Mar 17 22:40:00 CST 2022
DONE, ledex04/ledex04.in, Thu Mar 17 22:40:03 CST 2022, Thu Mar 17 22:41:17 CST 2022
DONE, ledex01/ledex01.in, Thu Mar 17 22:41:20 CST 2022, Thu Mar 17 22:42:04 CST 2022
DONE, ledex09/ledex09.in, Thu Mar 17 22:42:07 CST 2022, Thu Mar 17 22:44:46 CST 2022
DONE, ledex10/ledex10.in, Thu Mar 17 22:44:49 CST 2022, Thu Mar 17 22:46:39 CST 2022
DONE, mercuryex05/mercuryex05.in, Thu Mar 17 22:46:42 CST 2022, Thu Mar 17 22:47:05 CST 2022
DONE, mercuryex04/mercuryex04.in, Thu Mar 17 22:47:08 CST 2022, Thu Mar 17 22:47:37 CST 2022
DONE, mercuryex07/mercuryex07.in, Thu Mar 17 22:47:40 CST 2022, Thu Mar 17 22:49:48 CST 2022
DONE, mercuryex08/mercuryex08.in, Thu Mar 17 22:49:51 CST 2022, Thu Mar 17 23:05:33 CST 2022
DONE, mercuryex03/mercuryex03.in, Thu Mar 17 23:05:36 CST 2022, Thu Mar 17 23:06:12 CST 2022
DONE, mercuryex06/mercuryex06.in, Thu Mar 17 23:06:15 CST 2022, Thu Mar 17 23:11:24 CST 2022
DONE, mercuryex02/mercuryex02.in, Thu Mar 17 23:11:27 CST 2022, Thu Mar 17 23:12:04 CST 2022
DONE, mercuryex01/mercuryex01.in, Thu Mar 17 23:12:07 CST 2022, Thu Mar 17 23:12:35 CST 2022
DONE, noiseex03/noiseex03.in, Thu Mar 17 23:12:38 CST 2022, Thu Mar 17 23:13:12 CST 2022
DONE, noiseex01/noiseex01.in, Thu Mar 17 23:13:15 CST 2022, Thu Mar 17 23:13:40 CST 2022
DONE, noiseex05/noiseex05.in, Thu Mar 17 23:13:43 CST 2022, Thu Mar 17 23:14:23 CST 2022
DONE, noiseex04/noiseex04.in, Thu Mar 17 23:14:26 CST 2022, Thu Mar 17 23:15:01 CST 2022
DONE, noiseex02/noiseex02.in, Thu Mar 17 23:15:04 CST 2022, Thu Mar 17 23:15:39 CST 2022
DONE, vaex02/vaex02.in, Thu Mar 17 23:15:42 CST 2022, Thu Mar 17 23:15:58 CST 2022
DONE, vaex03/vaex03.in, Thu Mar 17 23:16:01 CST 2022, Thu Mar 17 23:16:25 CST 2022
DONE, vaex01/vaex01.in, Thu Mar 17 23:16:28 CST 2022, Thu Mar 17 23:16:42 CST 2022
DONE, vaex04/vaex04.in, Thu Mar 17 23:16:45 CST 2022, Thu Mar 17 23:17:16 CST 2022
DONE, vaex05/vaex05.in, Thu Mar 17 23:17:19 CST 2022, Thu Mar 17 23:17:52 CST 2022
DONE, hbtex07/hbtex07.in, Thu Mar 17 23:17:55 CST 2022, Thu Mar 17 23:23:32 CST 2022
DONE, hbtex03/hbtex03.in, Thu Mar 17 23:23:35 CST 2022, Thu Mar 17 23:24:06 CST 2022
DONE, hbtex02/hbtex02.in, Thu Mar 17 23:24:09 CST 2022, Thu Mar 17 23:24:36 CST 2022
DONE, hbtex05/hbtex05.in, Thu Mar 17 23:24:39 CST 2022, Thu Mar 17 23:25:04 CST 2022
DONE, hbtex06/hbtex06.in, Thu Mar 17 23:25:07 CST 2022, Thu Mar 17 23:25:43 CST 2022
DONE, hbtex08/hbtex08.in, Thu Mar 17 23:25:46 CST 2022, Thu Mar 17 23:26:43 CST 2022
DONE, hbtex04/hbtex04.in, Thu Mar 17 23:26:46 CST 2022, Thu Mar 17 23:27:36 CST 2022
DONE, hbtex01/hbtex01.in, Thu Mar 17 23:27:39 CST 2022, Thu Mar 17 23:28:04 CST 2022
DONE, thermalex07/thermalex07.in, Thu Mar 17 23:28:07 CST 2022, Thu Mar 17 23:28:44 CST 2022
DONE, thermalex05/thermalex05.in, Thu Mar 17 23:28:47 CST 2022, Thu Mar 17 23:29:18 CST 2022
DONE, thermalex08/thermalex08.in, Thu Mar 17 23:29:21 CST 2022, Thu Mar 17 23:33:53 CST 2022
DONE, thermalex03/thermalex03.in, Thu Mar 17 23:33:56 CST 2022, Thu Mar 17 23:34:18 CST 2022
DONE, thermalex02/thermalex02.in, Thu Mar 17 23:34:21 CST 2022, Thu Mar 17 23:34:44 CST 2022
DONE, thermalex01/thermalex01.in, Thu Mar 17 23:34:47 CST 2022, Thu Mar 17 23:35:04 CST 2022
DONE, thermalex06/thermalex06.in, Thu Mar 17 23:35:07 CST 2022, Thu Mar 17 23:35:36 CST 2022
DONE, thermalex04/thermalex04.in, Thu Mar 17 23:35:39 CST 2022, Thu Mar 17 23:35:56 CST 2022
DONE, laserex04/laserex04.in, Thu Mar 17 23:35:59 CST 2022, Thu Mar 17 23:37:01 CST 2022
DONE, laserex01/laserex01.in, Thu Mar 17 23:37:04 CST 2022, Thu Mar 17 23:37:54 CST 2022
DONE, laserex07/laserex07.in, Thu Mar 17 23:37:57 CST 2022, Thu Mar 17 23:51:39 CST 2022
DONE, laserex12/laserex12.in, Thu Mar 17 23:51:42 CST 2022, Fri Mar 18 00:03:24 CST 2022
DONE, laserex02/laserex02.in, Fri Mar 18 00:03:27 CST 2022, Fri Mar 18 00:05:49 CST 2022
DONE, laserex03/laserex03.in, Fri Mar 18 00:05:52 CST 2022, Fri Mar 18 00:09:16 CST 2022
DONE, laserex06/laserex06.in, Fri Mar 18 00:09:19 CST 2022, Fri Mar 18 00:30:37 CST 2022
DONE, laserex08/laserex08.in, Fri Mar 18 00:30:40 CST 2022, Fri Mar 18 01:30:49 CST 2022
DONE, laserex13/laserex13.in, Fri Mar 18 01:30:52 CST 2022, Fri Mar 18 02:09:41 CST 2022
DONE, laserex09/laserex09.in, Fri Mar 18 02:09:44 CST 2022, Fri Mar 18 02:43:09 CST 2022
DONE, laserex11/laserex11.in, Fri Mar 18 02:43:13 CST 2022, Fri Mar 18 02:46:11 CST 2022
KILL, laserex05/laserex05.in, Fri Mar 18 02:46:14 CST 2022, Fri Mar 18 04:26:28 CST 2022
DONE, laserex10/laserex10.in, Fri Mar 18 04:26:31 CST 2022, Fri Mar 18 04:35:10 CST 2022
DONE, solarex06/solarex06.in, Fri Mar 18 04:35:13 CST 2022, Fri Mar 18 04:42:36 CST 2022
DONE, solarex08/solarex08.in, Fri Mar 18 04:42:39 CST 2022, Fri Mar 18 04:43:09 CST 2022
DONE, solarex01/solarex01.in, Fri Mar 18 04:43:12 CST 2022, Fri Mar 18 04:44:12 CST 2022
DONE, solarex07/solarex07.in, Fri Mar 18 04:44:15 CST 2022, Fri Mar 18 04:44:33 CST 2022
DONE, solarex15/solarex15.in, Fri Mar 18 04:44:36 CST 2022, Fri Mar 18 04:45:29 CST 2022
DONE, solarex10/solarex10.in, Fri Mar 18 04:45:32 CST 2022, Fri Mar 18 04:46:56 CST 2022
DONE, solarex21/solarex21.in, Fri Mar 18 04:46:59 CST 2022, Fri Mar 18 05:25:19 CST 2022
DONE, solarex02/solarex02.in, Fri Mar 18 05:25:22 CST 2022, Fri Mar 18 05:26:01 CST 2022
DONE, solarex11/solarex11.in, Fri Mar 18 05:26:04 CST 2022, Fri Mar 18 05:28:02 CST 2022
DONE, solarex20/solarex20.in, Fri Mar 18 05:28:05 CST 2022, Fri Mar 18 05:40:51 CST 2022
DONE, solarex12/solarex12.in, Fri Mar 18 05:40:54 CST 2022, Fri Mar 18 05:41:48 CST 2022
DONE, solarex18/solarex18.in, Fri Mar 18 05:41:51 CST 2022, Fri Mar 18 05:52:36 CST 2022
DONE, solarex03/solarex03.in, Fri Mar 18 05:52:39 CST 2022, Fri Mar 18 05:53:36 CST 2022
DONE, solarex05/solarex05.in, Fri Mar 18 05:53:39 CST 2022, Fri Mar 18 05:54:07 CST 2022
DONE, solarex13/solarex13.in, Fri Mar 18 05:54:10 CST 2022, Fri Mar 18 06:05:35 CST 2022
DONE, solarex04/solarex04.in, Fri Mar 18 06:05:38 CST 2022, Fri Mar 18 06:06:23 CST 2022
DONE, solarex16/solarex16.in, Fri Mar 18 06:06:26 CST 2022, Fri Mar 18 06:07:42 CST 2022
DONE, solarex17/solarex17.in, Fri Mar 18 06:07:45 CST 2022, Fri Mar 18 06:17:34 CST 2022
DONE, solarex14/solarex14.in, Fri Mar 18 06:17:37 CST 2022, Fri Mar 18 06:18:36 CST 2022
DONE, solarex19/solarex19.in, Fri Mar 18 06:18:39 CST 2022, Fri Mar 18 06:20:49 CST 2022
DONE, solarex09/solarex09.in, Fri Mar 18 06:20:52 CST 2022, Fri Mar 18 06:21:19 CST 2022
DONE, mos2ex08/mos2ex08.in, Fri Mar 18 06:21:22 CST 2022, Fri Mar 18 06:22:04 CST 2022
DONE, mos2ex15/mos2ex15.in, Fri Mar 18 06:22:07 CST 2022, Fri Mar 18 06:22:44 CST 2022
KILL, mos2ex27/mos2ex27.in, Fri Mar 18 06:22:47 CST 2022, Fri Mar 18 08:02:57 CST 2022
DONE, mos2ex13/mos2ex13.in, Fri Mar 18 08:03:00 CST 2022, Fri Mar 18 08:11:46 CST 2022
DONE, mos2ex18/mos2ex18.in, Fri Mar 18 08:11:50 CST 2022, Fri Mar 18 08:15:16 CST 2022
KILL, mos2ex22/mos2ex22.in, Fri Mar 18 08:15:19 CST 2022, Fri Mar 18 09:55:31 CST 2022
DONE, mos2ex01/mos2ex01.in, Fri Mar 18 09:55:34 CST 2022, Fri Mar 18 09:57:14 CST 2022
DONE, mos2ex07/mos2ex07.in, Fri Mar 18 09:57:17 CST 2022, Fri Mar 18 09:58:05 CST 2022
KILL, mos2ex28/mos2ex28.in, Fri Mar 18 09:58:08 CST 2022, Fri Mar 18 11:38:22 CST 2022
KILL, mos2ex21/mos2ex21.in, Fri Mar 18 11:38:25 CST 2022, Fri Mar 18 13:18:40 CST 2022
DONE, mos2ex04/mos2ex04.in, Fri Mar 18 13:18:43 CST 2022, Fri Mar 18 13:19:20 CST 2022
DONE, mos2ex14/mos2ex14.in, Fri Mar 18 13:19:23 CST 2022, Fri Mar 18 13:20:14 CST 2022
DONE, mos2ex06/mos2ex06.in, Fri Mar 18 13:20:17 CST 2022, Fri Mar 18 13:21:16 CST 2022
DONE, mos2ex17/mos2ex17.in, Fri Mar 18 13:21:19 CST 2022, Fri Mar 18 13:28:53 CST 2022
KILL, mos2ex25/mos2ex25.in, Fri Mar 18 13:28:56 CST 2022, Fri Mar 18 15:09:08 CST 2022
DONE, mos2ex23/mos2ex23.in, Fri Mar 18 15:09:11 CST 2022, Fri Mar 18 15:10:55 CST 2022
KILL, mos2ex26/mos2ex26.in, Fri Mar 18 15:10:58 CST 2022, Fri Mar 18 16:51:10 CST 2022
DONE, mos2ex03/mos2ex03.in, Fri Mar 18 16:51:13 CST 2022, Fri Mar 18 16:51:41 CST 2022
DONE, mos2ex10/mos2ex10.in, Fri Mar 18 16:51:44 CST 2022, Fri Mar 18 16:52:09 CST 2022
DONE, mos2ex16/mos2ex16.in, Fri Mar 18 16:52:12 CST 2022, Fri Mar 18 16:52:47 CST 2022
DONE, mos2ex12/mos2ex12.in, Fri Mar 18 16:52:50 CST 2022, Fri Mar 18 16:53:19 CST 2022
DONE, mos2ex02/mos2ex02.in, Fri Mar 18 16:53:22 CST 2022, Fri Mar 18 16:54:47 CST 2022
DONE, mos2ex09/mos2ex09.in, Fri Mar 18 16:54:50 CST 2022, Fri Mar 18 16:55:19 CST 2022
DONE, mos2ex19/mos2ex19.in, Fri Mar 18 16:55:22 CST 2022, Fri Mar 18 16:57:20 CST 2022
DONE, mos2ex20/mos2ex20.in, Fri Mar 18 16:57:23 CST 2022, Fri Mar 18 17:02:18 CST 2022
DONE, mos2ex11/mos2ex11.in, Fri Mar 18 17:02:21 CST 2022, Fri Mar 18 17:02:45 CST 2022
KILL, mos2ex24/mos2ex24.in, Fri Mar 18 17:02:48 CST 2022, Fri Mar 18 18:43:11 CST 2022
DONE, mos2ex05/mos2ex05.in, Fri Mar 18 18:43:14 CST 2022, Fri Mar 18 18:46:22 CST 2022
DONE, solidex08/solidex08.in, Fri Mar 18 18:46:25 CST 2022, Fri Mar 18 18:50:30 CST 2022
DONE, solidex02/solidex02.in, Fri Mar 18 18:50:33 CST 2022, Fri Mar 18 18:56:07 CST 2022
DONE, solidex09/solidex09.in, Fri Mar 18 18:56:10 CST 2022, Fri Mar 18 19:58:48 CST 2022
KILL, solidex04/solidex04.in, Fri Mar 18 19:58:51 CST 2022, Fri Mar 18 21:39:04 CST 2022
DONE, solidex07/solidex07.in, Fri Mar 18 21:39:07 CST 2022, Fri Mar 18 21:53:10 CST 2022
KILL, solidex05/solidex05.in, Fri Mar 18 21:53:13 CST 2022, Fri Mar 18 23:33:29 CST 2022
KILL, solidex03/solidex03.in, Fri Mar 18 23:33:32 CST 2022, Sat Mar 19 01:13:48 CST 2022
DONE, solidex06/solidex06.in, Sat Mar 19 01:13:51 CST 2022, Sat Mar 19 01:16:17 CST 2022
DONE, solidex01/solidex01.in, Sat Mar 19 01:16:20 CST 2022, Sat Mar 19 01:28:17 CST 2022
DONE, solidex10/solidex10.in, Sat Mar 19 01:28:20 CST 2022, Sat Mar 19 01:33:06 CST 2022
DONE, isolationex01/isolationex01.in, Sat Mar 19 01:33:09 CST 2022, Sat Mar 19 01:33:49 CST 2022
DONE, isolationex02/isolationex02.in, Sat Mar 19 01:33:52 CST 2022, Sat Mar 19 01:34:17 CST 2022
DONE, imagesensorex02/imagesensorex02.in, Sat Mar 19 01:34:20 CST 2022, Sat Mar 19 01:35:10 CST 2022
DONE, imagesensorex06/imagesensorex06.in, Sat Mar 19 01:35:13 CST 2022, Sat Mar 19 01:49:37 CST 2022
DONE, imagesensorex01/imagesensorex01.in, Sat Mar 19 01:49:40 CST 2022, Sat Mar 19 02:02:23 CST 2022
KILL, imagesensorex04/imagesensorex04.in, Sat Mar 19 02:02:26 CST 2022, Sat Mar 19 03:42:38 CST 2022
DONE, imagesensorex03/imagesensorex03.in, Sat Mar 19 03:42:41 CST 2022, Sat Mar 19 04:25:24 CST 2022
DONE, imagesensorex05/imagesensorex05.in, Sat Mar 19 04:25:27 CST 2022, Sat Mar 19 04:32:56 CST 2022
DONE, soiex04/soiex04.in, Sat Mar 19 04:32:59 CST 2022, Sat Mar 19 04:33:37 CST 2022
DONE, soiex02/soiex02.in, Sat Mar 19 04:33:41 CST 2022, Sat Mar 19 04:34:13 CST 2022
KILL, soiex11/soiex11.in, Sat Mar 19 04:34:16 CST 2022, Sat Mar 19 06:14:25 CST 2022
KILL, soiex13/soiex13.in, Sat Mar 19 06:14:28 CST 2022, Sat Mar 19 07:55:25 CST 2022
DONE, soiex08/soiex08.in, Sat Mar 19 07:55:28 CST 2022, Sat Mar 19 07:56:46 CST 2022
DONE, soiex06/soiex06.in, Sat Mar 19 07:56:49 CST 2022, Sat Mar 19 07:57:35 CST 2022
DONE, soiex01/soiex01.in, Sat Mar 19 07:57:38 CST 2022, Sat Mar 19 07:58:06 CST 2022
DONE, soiex09/soiex09.in, Sat Mar 19 07:58:09 CST 2022, Sat Mar 19 08:04:56 CST 2022
DONE, soiex05/soiex05.in, Sat Mar 19 08:04:59 CST 2022, Sat Mar 19 08:06:01 CST 2022
KILL, soiex14/soiex14.in, Sat Mar 19 08:06:04 CST 2022, Sat Mar 19 09:46:32 CST 2022
DONE, soiex12/soiex12.in, Sat Mar 19 09:46:35 CST 2022, Sun Mar 20 15:23:59 CST 2022
DONE, soiex03/soiex03.in, Sun Mar 20 15:24:02 CST 2022, Sun Mar 20 15:24:33 CST 2022
DONE, soiex15/soiex15.in, Sun Mar 20 15:24:36 CST 2022, Sun Mar 20 15:41:08 CST 2022
KILL, soiex10/soiex10.in, Sun Mar 20 15:41:11 CST 2022, Sun Mar 20 17:21:29 CST 2022
DONE, soiex07/soiex07.in, Sun Mar 20 17:21:32 CST 2022, Sun Mar 20 17:24:38 CST 2022
DONE, ccdex01/ccdex01.in, Sun Mar 20 17:24:41 CST 2022, Sun Mar 20 17:25:27 CST 2022
DONE, ccdex02/ccdex02.in, Sun Mar 20 17:25:30 CST 2022, Sun Mar 20 17:26:08 CST 2022
DONE, ccdex03/ccdex03.in, Sun Mar 20 17:26:11 CST 2022, Sun Mar 20 17:26:37 CST 2022
DONE, sonosex07/sonosex07.in, Sun Mar 20 17:26:40 CST 2022, Sun Mar 20 18:07:11 CST 2022
DONE, sonosex03/sonosex03.in, Sun Mar 20 18:07:15 CST 2022, Sun Mar 20 18:09:58 CST 2022
DONE, sonosex02/sonosex02.in, Sun Mar 20 18:10:01 CST 2022, Sun Mar 20 18:28:18 CST 2022
DONE, sonosex05/sonosex05.in, Sun Mar 20 18:28:21 CST 2022, Sun Mar 20 18:29:45 CST 2022
DONE, sonosex01/sonosex01.in, Sun Mar 20 18:29:48 CST 2022, Sun Mar 20 18:39:07 CST 2022
DONE, sonosex06/sonosex06.in, Sun Mar 20 18:39:10 CST 2022, Sun Mar 20 18:45:44 CST 2022
DONE, sonosex04/sonosex04.in, Sun Mar 20 18:45:47 CST 2022, Sun Mar 20 18:48:12 CST 2022
DONE, clex04/clex04.in, Sun Mar 20 18:48:15 CST 2022, Sun Mar 20 18:48:40 CST 2022
DONE, clex23/clex23.in, Sun Mar 20 18:48:43 CST 2022, Sun Mar 20 18:49:57 CST 2022
DONE, clex18/clex18.in, Sun Mar 20 18:50:00 CST 2022, Sun Mar 20 18:50:23 CST 2022
DONE, clex08/clex08.in, Sun Mar 20 18:50:26 CST 2022, Sun Mar 20 18:51:14 CST 2022
DONE, clex19/clex19.in, Sun Mar 20 18:51:17 CST 2022, Sun Mar 20 18:51:42 CST 2022
DONE, clex15/clex15.in, Sun Mar 20 18:51:45 CST 2022, Sun Mar 20 18:52:59 CST 2022
DONE, clex13/clex13.in, Sun Mar 20 18:53:02 CST 2022, Sun Mar 20 18:54:29 CST 2022
DONE, clex22/clex22.in, Sun Mar 20 18:54:32 CST 2022, Sun Mar 20 18:55:35 CST 2022
DONE, clex12/clex12.in, Sun Mar 20 18:55:38 CST 2022, Sun Mar 20 18:56:11 CST 2022
KILL, clex00/clex00.in, Sun Mar 20 18:56:14 CST 2022, Sun Mar 20 20:36:26 CST 2022
DONE, clex25/clex25.in, Sun Mar 20 20:36:29 CST 2022, Sun Mar 20 20:37:05 CST 2022
DONE, clex03/clex03.in, Sun Mar 20 20:37:08 CST 2022, Sun Mar 20 20:37:31 CST 2022
DONE, clex07/clex07.in, Sun Mar 20 20:37:34 CST 2022, Sun Mar 20 20:38:06 CST 2022
DONE, clex24/clex24.in, Sun Mar 20 20:38:09 CST 2022, Sun Mar 20 20:38:50 CST 2022
DONE, clex06/clex06.in, Sun Mar 20 20:38:53 CST 2022, Sun Mar 20 20:39:16 CST 2022
DONE, clex10/clex10.in, Sun Mar 20 20:39:19 CST 2022, Sun Mar 20 20:40:14 CST 2022
DONE, clex14/clex14.in, Sun Mar 20 20:40:17 CST 2022, Sun Mar 20 20:40:49 CST 2022
DONE, clex01/clex01.in, Sun Mar 20 20:40:52 CST 2022, Sun Mar 20 20:41:13 CST 2022
DONE, clex16/clex16.in, Sun Mar 20 20:41:16 CST 2022, Sun Mar 20 20:41:39 CST 2022
KILL, clex20/clex20.in, Sun Mar 20 20:41:42 CST 2022, Sun Mar 20 22:21:53 CST 2022
DONE, clex02/clex02.in, Sun Mar 20 22:21:56 CST 2022, Sun Mar 20 22:22:17 CST 2022
DONE, clex21/clex21.in, Sun Mar 20 22:22:20 CST 2022, Sun Mar 20 22:22:45 CST 2022
DONE, clex11/clex11.in, Sun Mar 20 22:22:48 CST 2022, Sun Mar 20 22:23:17 CST 2022
DONE, clex09/clex09.in, Sun Mar 20 22:23:20 CST 2022, Sun Mar 20 22:23:45 CST 2022
DONE, clex05/clex05.in, Sun Mar 20 22:23:48 CST 2022, Sun Mar 20 22:24:10 CST 2022
DONE, clex17/clex17.in, Sun Mar 20 22:24:13 CST 2022, Sun Mar 20 22:28:40 CST 2022
DONE, quantumex09/quantumex09.in, Sun Mar 20 22:28:43 CST 2022, Sun Mar 20 22:29:07 CST 2022
DONE, quantumex12/quantumex12.in, Sun Mar 20 22:29:10 CST 2022, Sun Mar 20 22:33:31 CST 2022
DONE, quantumex02/quantumex02.in, Sun Mar 20 22:33:34 CST 2022, Sun Mar 20 22:34:31 CST 2022
DONE, quantumex13/quantumex13.in, Sun Mar 20 22:34:34 CST 2022, Sun Mar 20 22:37:08 CST 2022
DONE, quantumex21/quantumex21.in, Sun Mar 20 22:37:11 CST 2022, Sun Mar 20 23:04:17 CST 2022
DONE, quantumex24/quantumex24.in, Sun Mar 20 23:04:20 CST 2022, Sun Mar 20 23:05:39 CST 2022
DONE, quantumex07/quantumex07.in, Sun Mar 20 23:05:42 CST 2022, Sun Mar 20 23:07:35 CST 2022
DONE, quantumex14/quantumex14.in, Sun Mar 20 23:07:38 CST 2022, Sun Mar 20 23:09:27 CST 2022
DONE, quantumex11/quantumex11.in, Sun Mar 20 23:09:30 CST 2022, Sun Mar 20 23:10:47 CST 2022
DONE, quantumex01/quantumex01.in, Sun Mar 20 23:10:50 CST 2022, Sun Mar 20 23:11:42 CST 2022
DONE, quantumex06/quantumex06.in, Sun Mar 20 23:11:45 CST 2022, Sun Mar 20 23:13:33 CST 2022
DONE, quantumex22/quantumex22.in, Sun Mar 20 23:13:36 CST 2022, Sun Mar 20 23:15:55 CST 2022
DONE, quantumex20/quantumex20.in, Sun Mar 20 23:15:58 CST 2022, Sun Mar 20 23:16:54 CST 2022
DONE, quantumex17/quantumex17.in, Sun Mar 20 23:16:57 CST 2022, Sun Mar 20 23:18:39 CST 2022
DONE, quantumex10/quantumex10.in, Sun Mar 20 23:18:42 CST 2022, Sun Mar 20 23:19:22 CST 2022
DONE, quantumex04/quantumex04.in, Sun Mar 20 23:19:25 CST 2022, Sun Mar 20 23:19:52 CST 2022
KILL, quantumex05/quantumex05.in, Sun Mar 20 23:19:55 CST 2022, Mon Mar 21 01:00:08 CST 2022
DONE, quantumex15/quantumex15.in, Mon Mar 21 01:00:11 CST 2022, Mon Mar 21 08:56:54 CST 2022
DONE, quantumex23/quantumex23.in, Mon Mar 21 08:56:57 CST 2022, Mon Mar 21 08:58:02 CST 2022
DONE, quantumex08/quantumex08.in, Mon Mar 21 08:58:05 CST 2022, Mon Mar 21 09:03:57 CST 2022
DONE, quantumex18/quantumex18.in, Mon Mar 21 09:04:00 CST 2022, Mon Mar 21 09:06:13 CST 2022
DONE, quantumex03/quantumex03.in, Mon Mar 21 09:06:16 CST 2022, Mon Mar 21 09:07:07 CST 2022
DONE, quantumex19/quantumex19.in, Mon Mar 21 09:07:10 CST 2022, Mon Mar 21 09:14:06 CST 2022
DONE, quantumex16/quantumex16.in, Mon Mar 21 09:14:09 CST 2022, Mon Mar 21 10:06:02 CST 2022
DONE, diodeex04/diodeex04.in, Mon Mar 21 10:06:05 CST 2022, Mon Mar 21 10:06:42 CST 2022
DONE, diodeex01/diodeex01.in, Mon Mar 21 10:06:45 CST 2022, Mon Mar 21 10:07:10 CST 2022
DONE, diodeex09/diodeex09.in, Mon Mar 21 10:07:13 CST 2022, Mon Mar 21 10:09:17 CST 2022
DONE, diodeex03/diodeex03.in, Mon Mar 21 10:09:20 CST 2022, Mon Mar 21 10:09:41 CST 2022
DONE, diodeex06/diodeex06.in, Mon Mar 21 10:09:44 CST 2022, Mon Mar 21 10:10:12 CST 2022
DONE, diodeex12/diodeex12.in, Mon Mar 21 10:10:15 CST 2022, Mon Mar 21 10:11:49 CST 2022
DONE, diodeex11/diodeex11.in, Mon Mar 21 10:11:52 CST 2022, Mon Mar 21 10:13:06 CST 2022
DONE, diodeex08/diodeex08.in, Mon Mar 21 10:13:09 CST 2022, Mon Mar 21 10:15:04 CST 2022
DONE, diodeex13/diodeex13.in, Mon Mar 21 10:15:08 CST 2022, Mon Mar 21 10:28:35 CST 2022
DONE, diodeex02/diodeex02.in, Mon Mar 21 10:28:38 CST 2022, Mon Mar 21 10:30:08 CST 2022
DONE, diodeex05/diodeex05.in, Mon Mar 21 10:30:11 CST 2022, Mon Mar 21 10:30:48 CST 2022
DONE, diodeex07/diodeex07.in, Mon Mar 21 10:30:51 CST 2022, Mon Mar 21 10:32:18 CST 2022
DONE, diodeex10/diodeex10.in, Mon Mar 21 10:32:21 CST 2022, Mon Mar 21 10:33:48 CST 2022
DONE, cryoex01/cryoex01.in, Mon Mar 21 10:33:51 CST 2022, Mon Mar 21 10:57:45 CST 2022
DONE, cryoex02/cryoex02.in, Mon Mar 21 10:57:48 CST 2022, Mon Mar 21 11:02:06 CST 2022
KILL, cryoex03/cryoex03.in, Mon Mar 21 11:02:09 CST 2022, Mon Mar 21 12:42:22 CST 2022
DONE, ferroex02/ferroex02.in, Mon Mar 21 12:42:25 CST 2022, Mon Mar 21 12:42:56 CST 2022
KILL, ferroex04/ferroex04.in, Mon Mar 21 12:42:59 CST 2022, Mon Mar 21 14:23:11 CST 2022
DONE, ferroex03/ferroex03.in, Mon Mar 21 14:23:14 CST 2022, Mon Mar 21 14:23:41 CST 2022
DONE, ferroex01/ferroex01.in, Mon Mar 21 14:23:44 CST 2022, Mon Mar 21 14:25:18 CST 2022
DONE, optoex11/optoex11.in, Mon Mar 21 14:25:21 CST 2022, Mon Mar 21 14:25:55 CST 2022
DONE, optoex10/optoex10.in, Mon Mar 21 14:25:58 CST 2022, Mon Mar 21 14:26:15 CST 2022
DONE, optoex02/optoex02.in, Mon Mar 21 14:26:18 CST 2022, Mon Mar 21 14:26:40 CST 2022
DONE, optoex05/optoex05.in, Mon Mar 21 14:26:43 CST 2022, Mon Mar 21 14:27:07 CST 2022
DONE, optoex19/optoex19.in, Mon Mar 21 14:27:10 CST 2022, Mon Mar 21 14:32:06 CST 2022
DONE, optoex14/optoex14.in, Mon Mar 21 14:32:09 CST 2022, Mon Mar 21 14:32:33 CST 2022
DONE, optoex17/optoex17.in, Mon Mar 21 14:32:36 CST 2022, Mon Mar 21 14:33:32 CST 2022
DONE, optoex09/optoex09.in, Mon Mar 21 14:33:35 CST 2022, Mon Mar 21 14:34:07 CST 2022
DONE, optoex13/optoex13.in, Mon Mar 21 14:34:10 CST 2022, Mon Mar 21 14:34:42 CST 2022
DONE, optoex18/optoex18.in, Mon Mar 21 14:34:45 CST 2022, Mon Mar 21 14:35:49 CST 2022
DONE, optoex01/optoex01.in, Mon Mar 21 14:35:52 CST 2022, Mon Mar 21 14:36:10 CST 2022
DONE, optoex08/optoex08.in, Mon Mar 21 14:36:13 CST 2022, Mon Mar 21 14:36:31 CST 2022
DONE, optoex20/optoex20.in, Mon Mar 21 14:36:34 CST 2022, Mon Mar 21 14:39:41 CST 2022
DONE, optoex16/optoex16.in, Mon Mar 21 14:39:44 CST 2022, Mon Mar 21 14:40:02 CST 2022
DONE, optoex07/optoex07.in, Mon Mar 21 14:40:05 CST 2022, Mon Mar 21 14:40:23 CST 2022
DONE, optoex03/optoex03.in, Mon Mar 21 14:40:26 CST 2022, Mon Mar 21 14:40:48 CST 2022
DONE, optoex15/optoex15.in, Mon Mar 21 14:40:51 CST 2022, Mon Mar 21 14:41:26 CST 2022
DONE, optoex06/optoex06.in, Mon Mar 21 14:41:29 CST 2022, Mon Mar 21 14:42:16 CST 2022
DONE, optoex04/optoex04.in, Mon Mar 21 14:42:19 CST 2022, Mon Mar 21 14:42:43 CST 2022
DONE, optoex12/optoex12.in, Mon Mar 21 14:42:46 CST 2022, Mon Mar 21 14:43:19 CST 2022
KILL, vsex05/vsex05.in, Mon Mar 21 14:43:22 CST 2022, Mon Mar 21 16:23:32 CST 2022
DONE, vsex01/vsex01.in, Mon Mar 21 16:23:35 CST 2022, Mon Mar 21 16:25:01 CST 2022
KILL, vsex06/vsex06.in, Mon Mar 21 16:25:04 CST 2022, Mon Mar 21 18:05:14 CST 2022
KILL, vsex02/vsex02.in, Mon Mar 21 18:05:17 CST 2022, Mon Mar 21 19:45:30 CST 2022
DONE, vsex04/vsex04.in, Mon Mar 21 19:45:33 CST 2022, Mon Mar 21 19:46:12 CST 2022
DONE, vsex08/vsex08.in, Mon Mar 21 19:46:15 CST 2022, Mon Mar 21 19:47:29 CST 2022
DONE, vsex03/vsex03.in, Mon Mar 21 19:47:32 CST 2022, Mon Mar 21 19:50:16 CST 2022
KILL, vsex07/vsex07.in, Mon Mar 21 19:50:19 CST 2022, Mon Mar 21 21:30:31 CST 2022
DONE, vsex09/vsex09.in, Mon Mar 21 21:30:34 CST 2022, Mon Mar 21 22:00:07 CST 2022
